Health_Schedule/app/build/intermediates/manifest_merge_blame_file/debug/manifest-merger-blame-debug-report.txt
1<?xml version="1.0" encoding="utf-8"?>
2<manifest xmlns:android="http://schemas.android.com/apk/res/android"
3    package="com.example.healthschedule"
4    android:versionCode="1"
5    android:versionName="1.0" >
6
7    <uses-sdk
8        android:minSdkVersion="19"
8-->src\main\AndroidManifest.xml
9        android:targetSdkVersion="30" />
9-->src\main\AndroidManifest.xml
10
11    <uses-permission android:name="android.permission.INTERNET" />
11-->src\main\AndroidManifest.xml:29:5-67
11-->src\main\AndroidManifest.xml:29:22-64
12    <uses-permission android:name="android.permission.ACCESS_NETWORK_STATE" />
12-->src\main\AndroidManifest.xml:31:5-79
12-->src\main\AndroidManifest.xml:31:22-76
13
14    <application
14-->src\main\AndroidManifest.xml:5:5-28:19
15        android:allowBackup="true"
15-->src\main\AndroidManifest.xml:6:9-35
16        android:appComponentFactory="androidx.core.app.CoreComponentFactory"
16-->[androidx.core:core:1.3.1] AndroidManifest.xml:24:18-86
17        android:debuggable="true"
18        android:icon="@mipmap/ic_launcher"
18-->src\main\AndroidManifest.xml:7:9-43
19        android:label="@string/app_name"
19-->src\main\AndroidManifest.xml:8:9-41
20        android:roundIcon="@mipmap/ic_launcher_round"
20-->src\main\AndroidManifest.xml:9:9-54
21        android:supportsRtl="true"
21-->src\main\AndroidManifest.xml:10:9-35
22        android:testOnly="true"
23        android:theme="@style/AppTheme"
23-->src\main\AndroidManifest.xml:11:9-40
24        android:usesCleartextTraffic="true" >
24-->src\main\AndroidManifest.xml:12:9-44
25        <activity
25-->src\main\AndroidManifest.xml:13:9-16:59
26            android:name="com.example.healthschedule.views.MenuMainActivity"
26-->src\main\AndroidManifest.xml:13:19-57
27            android:launchMode="singleTop"
27-->src\main\AndroidManifest.xml:14:13-43
28            android:screenOrientation="portrait"
28-->src\main\AndroidManifest.xml:15:13-49
29            android:theme="@style/AppTheme.NoActionBar" />
29-->src\main\AndroidManifest.xml:16:13-56
30        <activity android:name="com.example.healthschedule.views.ListaMedicosActivity" />
30-->src\main\AndroidManifest.xml:17:9-64
30-->src\main\AndroidManifest.xml:17:19-61
31        <activity android:name="com.example.healthschedule.views.PerfilActivity" />
31-->src\main\AndroidManifest.xml:18:9-58
31-->src\main\AndroidManifest.xml:18:19-55
32        <activity android:name="com.example.healthschedule.views.ListaMedicamentosActivity" />
32-->src\main\AndroidManifest.xml:19:9-69
32-->src\main\AndroidManifest.xml:19:19-66
33        <activity android:name="com.example.healthschedule.views.MarcacaoActivity" />
33-->src\main\AndroidManifest.xml:20:9-60
33-->src\main\AndroidManifest.xml:20:19-57
34        <activity android:name="com.example.healthschedule.views.LoginActivity" >
34-->src\main\AndroidManifest.xml:21:9-27:20
34-->src\main\AndroidManifest.xml:21:19-54
35            <intent-filter>
35-->src\main\AndroidManifest.xml:22:13-26:29
36                <action android:name="android.intent.action.MAIN" />
36-->src\main\AndroidManifest.xml:23:17-69
36-->src\main\AndroidManifest.xml:23:25-66
37
38                <category android:name="android.intent.category.LAUNCHER" />
38-->src\main\AndroidManifest.xml:25:17-77
38-->src\main\AndroidManifest.xml:25:27-74
39            </intent-filter>
40        </activity>
41    </application>
42
43</manifest>